2023-08-30 20:58:30,147 DEBUG Main: Создание Horse, имя [Bucephalus], скорость [2.4]
2023-08-30 20:58:30,152 DEBUG Main: Создание Horse, имя [Ace of Spades], скорость [2.5]
2023-08-30 20:58:30,152 DEBUG Main: Создание Horse, имя [Zephyr], скорость [2.6]
2023-08-30 20:58:30,153 DEBUG Main: Создание Horse, имя [Blaze], скорость [2.7]
2023-08-30 20:58:30,153 DEBUG Main: Создание Horse, имя [Lobster], скорость [2.8]
2023-08-30 20:58:30,153 DEBUG Main: Создание Horse, имя [Pegasus], скорость [2.9]
2023-08-30 20:58:30,154 DEBUG Main: Создание Horse, имя [Cherry], скорость [3.0]
2023-08-30 20:58:30,155 DEBUG Main: Создание Hippodrome, лошадей [7]
2023-08-30 20:58:30,205 INFO  Main: Начало скачек. Количество участников: 7
2023-08-30 21:01:58,368 DEBUG Main: Создание Horse, имя [Bucephalus], скорость [2.4]
2023-08-30 21:01:58,374 DEBUG Main: Создание Horse, имя [Ace of Spades], скорость [2.5]
2023-08-30 21:01:58,374 DEBUG Main: Создание Horse, имя [Zephyr], скорость [2.6]
2023-08-30 21:01:58,375 DEBUG Main: Создание Horse, имя [Blaze], скорость [2.7]
2023-08-30 21:01:58,375 DEBUG Main: Создание Horse, имя [Lobster], скорость [2.8]
2023-08-30 21:01:58,375 DEBUG Main: Создание Horse, имя [Pegasus], скорость [2.9]
2023-08-30 21:01:58,376 DEBUG Main: Создание Horse, имя [Cherry], скорость [3.0]
2023-08-30 21:01:58,378 DEBUG Main: Создание Hippodrome, лошадей [7]
2023-08-30 21:01:58,379 INFO  Main: Начало скачек. Количество участников: 7
2023-08-30 21:02:18,236 DEBUG Main: Создание Horse, имя [Bucephalus], скорость [2.4]
2023-08-30 21:02:18,242 DEBUG Main: Создание Horse, имя [Ace of Spades], скорость [2.5]
2023-08-30 21:02:18,242 DEBUG Main: Создание Horse, имя [Zephyr], скорость [2.6]
2023-08-30 21:02:18,242 DEBUG Main: Создание Horse, имя [Blaze], скорость [2.7]
2023-08-30 21:02:18,243 DEBUG Main: Создание Horse, имя [Lobster], скорость [2.8]
2023-08-30 21:02:18,244 DEBUG Main: Создание Horse, имя [Pegasus], скорость [2.9]
2023-08-30 21:02:18,244 DEBUG Main: Создание Horse, имя [Cherry], скорость [3.0]
2023-08-30 21:02:18,246 DEBUG Main: Создание Hippodrome, лошадей [7]
2023-08-30 21:02:18,246 INFO  Main: Начало скачек. Количество участников: 7
2023-08-30 21:02:38,698 DEBUG Main: Создание Horse, имя [Bucephalus], скорость [2.4]
2023-08-30 21:02:38,704 DEBUG Main: Создание Horse, имя [Ace of Spades], скорость [2.5]
2023-08-30 21:02:38,704 DEBUG Main: Создание Horse, имя [Zephyr], скорость [2.6]
2023-08-30 21:02:38,705 DEBUG Main: Создание Horse, имя [Blaze], скорость [2.7]
2023-08-30 21:02:38,706 DEBUG Main: Создание Horse, имя [Lobster], скорость [2.8]
2023-08-30 21:02:38,706 DEBUG Main: Создание Horse, имя [Pegasus], скорость [2.9]
2023-08-30 21:02:38,707 DEBUG Main: Создание Horse, имя [Cherry], скорость [3.0]
2023-08-30 21:02:38,708 DEBUG Main: Создание Hippodrome, лошадей [7]
2023-08-30 21:02:38,709 INFO  Main: Начало скачек. Количество участников: 7
2023-08-30 21:09:50,098 INFO  Main: Начало скачек. Количество участников: 7
